:020000040000FA
:020000042000DA
:1000A40042545854FFFFFFFFA4000020D400002056
:1000B4000000200074060020740600209414002020
:1000C40014130020AAAAAAAABBBBBBBBCCCCCCCC21
:1000D40000018000681F002018200020FC0300009D
:1000E40053797374656D2054696D65722054687218
:1000F40065616400000000000000000000000000D2
:10010400000800001828002000040000000000007F
:10011400547820417070206D656D6F727920706F16
:100124006F6C0000000000000000000000000000F0
:1001340000018001A414002054150020FC010000DB
:10014400496E6465780000000000000000000000B3
:10015400000000000000000000000000000000009B
:10016400000180015417002004180020FC01000045
:100174004D69786572000000000000000000000076
:10018400000000000000000000000000000000006B
:1001940000018004041A0020B41A0020FC030000AB
:1001A400566F6C7461676500000000000000000079
:1001B400000000000000000000000000000000003B
:1001C400010000000000000000000000000000002A
:1001D400000000000000000000000000000000001B
:1001E400000000000000000000000000000000000B
:1001F40001000000000000000000000000000000FA
:1002040000000000000000000000000000000000EA
:1002140000000000000000000000000000000000DA
:1002240001000000000000000000000000000000C9
:1002340000000000000000000000000000000000BA
:1002440000000000000000000000000000000000AA
:100254000100000000000000000000000000000099
:10026400000000000000000000000000000000008A
:10027400000000000000000000000000000000007A
:100284000100000000000000000000000000000069
:10029400000000000000000000000000000000005A
:1002A400000000000000000000000000000000004A
:1002B4000100000000000000000000000000000039
:1002C400000000000000000000000000000000002A
:1002D400000000000000000000000000000000001A
:1002E4000100000000000000000000000000000009
:1002F40000000000000000000000000000000000FA
:1003040000000000000000000000000000000000E9
:1003140001000000000000000000000000000000D8
:1003240000000000000000000000000000000000C9
:1003340000000000000000000000000000000000B9
:1003440001000000000000000000000000000000A8
:100354000000000000000000000000000000000099
:100364000000000000000000000000000000000089
:100374000100000000000000000000000000000078
:100384000000000000000000000000000000000069
:100394000000000000000000000000000000000059
:1003A4000100000000000000000000000000000048
:1003B4000000000000000000000000000000000039
:1003C4000000000000000000000000000000000029
:1003D4000100000000000000000000000000000018
:1003E4000000000000000000000000000000000009
:1003F40000000000000000000000000000000000F9
:1004040001000000000000000000000000000000E7
:1004140000000000000000000000000000000000D8
:1004240000000000000000000000000000000000C8
:1004340001000000000000000000000000000000B7
:1004440000000000000000000000000000000000A8
:100454000000000000000000000000000000000098
:100464000100000000000000000000000000000087
:100474000000000000000000000000000000000078
:100484000000000000000000000000000000000068
:100494000100000000000000000000000000000057
:1004A4000000000000000000000000000000000048
:1004B4000000000000000000000000000000000038
:1004C4000100000000000000000000000000000027
:1004D4000000000000000000000000000000000018
:1004E4000000000000000000000000000000000008
:1004F40001000000000000000000000000000000F7
:1005040000000000000000000000000000000000E7
:1005140000000000000000000000000000000000D7
:1005240001000000000000000000000000000000C6
:1005340000000000000000000000000000000000B7
:1005440000000000000000000000000000000000A7
:100554000100000000000000000000000000000096
:100564000000000000000000000000000000000087
:100574000000000000000000000000000000000077
:100584000100000000000000000000000000000066
:100594000000000000000000000000000000000057
:1005A4000000000000000000000000000000000047
:1005B4000100000000000000000000000000000036
:1005C4000000000000000000000000000000000027
:1005D4000000000000000000000000000000000017
:1005E4000100000000000000000000000000000006
:1005F40000000000000000000000000000000000F7
:1006040000000000000000000000000000000000E6
:1006140001000000000000000000000000000000D5
:1006240000000000000000000000000000000000C6
:1006340000000000000000000000000000000000B6
:1006440001000000000000000000000000000000A5
:100654000000000000000000000000000000000096
:100664000000000000000000000000000000000086
:10067400FFFFFFFF0000000001000000F2036EF91D
:10068400681F002003000000C82F0020681F0020FE
:10069400681F00200000008001000000F8066EF9C9
:1006A4005417002004000000C0230020681F00200D
:1006B400681F002000000080020000005A086EF944
:1006C400681F002003000000B823002054170020F6
:1006D400541700200100018070000000CD0B6EF95A
:1006E4000A00000000000000B01900200000000013
:1006F400541700200100018002000000E50C6EF98F
:10070400541700200400000080190020000000009D
:10071400FFFFFFFF0000000001000000F28582F9E6
:10072400681F002003000000C82F0020681F00205D
:10073400681F002000000080020000007C8982F90C
:10074400681F002003000000B82300200000000000
:10075400FFFFFFFF000000000100000072A687F900
:10076400681F002003000000C82F0020681F00201D
:10077400681F002000000080010000007BA987F9A9
:100784005417002004000000C0230020681F00202C
:10079400681F00200000008002000000DDAA87F925
:1007A400681F002003000000B82300205417002015
:1007B40054170020010001807000000045AE87F945
:1007C4000A00000000000000B01900200000000032
:1007D40054170020010001800200000052AF87F985
:1007E40054170020040000008019002000000000BD
:1007F400FFFFFFFF0000000001000000F3C68CF9BA
:10080400681F002003000000C82F0020681F00207C
:10081400681F0020000000800200000080CA8CF9DC
:10082400681F002003000000B8230020000000001F
:10083400FFFFFFFF0000000001000000F248A1F9E3
:10084400681F002003000000C82F0020681F00203C
:10085400681F00200000008001000000FB4BA1F98C
:100864005417002004000000C0230020681F00204B
:10087400681F002000000080020000005D4DA1F907
:10088400681F002003000000B82300205417002034
:10089400541700200100018070000000C550A1F928
:1008A4000A00000000000000B01900200000000051
:1008B400541700200100018002000000D251A1F968
:1008C40054170020040000008019002000000000DC
:1008D400FFFFFFFF000000000100000072EBBAF907
:1008E400681F002003000000C82F0020681F00209C
:1008F400681F0020000000800100000078EEBAF9B3
:100904005417002004000000C0230020681F0020AA
:10091400681F00200000008002000000DAEFBAF92E
:10092400681F002003000000B82300205417002093
:100934005417002001000180700000004DF3BAF943
:100944000A00000000000000B019002000000000B0
:100954005417002001000180020000005CF4BAF981
:10096400541700200400000080190020000000003B
:10097400FFFFFFFF0000000001000000F28DD4F92A
:10098400681F002003000000C82F0020681F0020FB
:10099400681F002000000080010000007091D4F95D
:1009A4005417002004000000C0230020681F00200A
:1009B400681F00200000008002000000DD92D4F9CE
:1009C400681F002003000000B823002054170020F3
:1009D4005417002001000180700000004D96D4F9E6
:1009E4000A00000000000000B01900200000000010
:1009F4005417002001000180020000006097D4F920
:100A0400541700200400000080190020000000009A
:100A1400FFFFFFFF0000000001000000F2CEDEF93E
:100A2400681F002003000000C82F0020681F00205A
:100A3400681F0020000000800200000080D2DEF960
:100A4400681F002003000000B823002000000000FD
:100A5400FFFFFFFF00000000010000007230EEF90C
:100A6400681F002003000000C82F0020681F00201A
:100A7400681F002000000080010000007B33EEF9B5
:100A84005417002004000000C0230020681F002029
:100A9400681F00200000008002000000DD34EEF931
:100AA400681F002003000000B82300205417002012
:100AB4005417002001000180700000004538EEF951
:100AC4000A00000000000000B0190020000000002F
:100AD4005417002001000180020000005239EEF991
:100AE40054170020040000008019002000000000BA
:100AF400FFFFFFFF0000000001000000F2D207FA30
:100B0400681F002003000000C82F0020681F002079
:100B1400681F00200000008001000000F8D507FADB
:100B24005417002004000000C0230020681F002088
:100B3400681F002000000080020000005AD707FA56
:100B4400681F002003000000B82300205417002071
:100B5400541700200100018070000000CDDA07FA6C
:100B64000A00000000000000B0190020000000008E
:100B7400541700200100018002000000DADB07FAAC
:100B84005417002004000000801900200000000019
:100B9400FFFFFFFF0000000001000000727521FA52
:100BA400681F002003000000C82F0020681F0020D9
:100BB400681F00200000008001000000787821FAFE
:100BC4005417002004000000C0230020681F0020E8
:100BD400681F00200000008002000000DA7921FA7A
:100BE400681F002003000000B823002054170020D1
:100BF4005417002001000180700000004D7D21FA8F
:100C04000A00000000000000B019002000000000ED
:100C1400541700200100018002000000657E21FAC3
:100C24005417002004000000801900200000000078
:100C3400FFFFFFFF0000000001000000F69526FA08
:100C4400681F002003000000C82F0020681F002038
:100C5400681F00200000008002000000809926FA2E
:100C6400681F002003000000B823002000000000DB
:100C7400FFFFFFFF0000000001000000F2D630FA81
:100C8400681F002003000000C82F0020681F0020F8
:100C9400681F0020000000800200000083DA30FAA0
:100CA400681F002003000000B8230020000000009B
:100CB400FFFFFFFF0000000001000000F2173BFAF5
:100CC400681F002003000000C82F0020681F0020B8
:100CD400681F00200000008001000000FC1A3BFA9D
:100CE4005417002004000000C0230020681F0020C7
:100CF400681F002000000080020000005E1C3BFA18
:100D0400681F002003000000B823002054170020AF
:100D1400541700200100018070000000C51F3BFA39
:100D24000A00000000000000B019002000000000CC
:100D3400541700200100018002000000D2203BFA79
:100D44005417002004000000801900200000000057
:100D5400FFFFFFFF000000000100000072BA54FA18
:100D6400681F002003000000C82F0020681F002017
:100D7400681F0020000000800100000078BD54FAC4
:100D84005417002004000000C0230020681F002026
:100D9400681F00200000008002000000DABE54FA40
:100DA400681F002003000000B8230020541700200F
:100DB4005417002001000180700000004DC254FA55
:100DC4000A00000000000000B0190020000000002C
:100DD4005417002001000180020000005AC354FA95
:100DE40054170020040000008019002000000000B7
:100DF400FFFFFFFF0000000001000000F25C6EFA3C
:100E0400681F002003000000C82F0020681F002076
:100E1400681F00200000008001000000F85F6EFAE7
:100E24005417002004000000C0230020681F002085
:100E3400681F002000000080020000005A616EFA62
:100E4400681F002003000000B8230020541700206E
:100E5400541700200100018070000000CD646EFA78
:100E64000A00000000000000B0190020000000008B
:100E7400541700200100018002000000E5656EFAAD
:100E84005417002004000000801900200000000016
:100E9400FFFFFFFF0000000001000000F29D78FA50
:100EA400681F002003000000C82F0020681F0020D6
:100EB400681F002000000080020000007CA178FA76
:100EC400681F002003000000B82300200000000079
:100ED400FFFFFFFF0000000001000000F2DE82FAC5
:100EE400681F002003000000C82F0020681F002096
:100EF400681F0020000000800200000083E282FAE4
:100F0400681F002003000000B82300200000000038
:100F1400FFFFFFFF000000000100000073FF87FADD
:100F2400681F002003000000C82F0020681F002055
:100F3400681F002000000080010000007C0288FA85
:100F44005417002004000000C0230020681F002064
:100F5400681F00200000008002000000DE0388FA01
:100F6400681F002003000000B8230020541700204D
:100F7400541700200100018070000000450788FA22
:100F84000A00000000000000B0190020000000006A
:100F9400541700200100018002000000520888FA62
:100FA40054170020040000008019002000000000F5
:100FB400FFFFFFFF0000000001000000F2A1A1FA02
:100FC400681F002003000000C82F0020681F0020B5
:100FD400681F00200000008001000000F8A4A1FAAE
:100FE4005417002004000000C0230020681F0020C4
:100FF400681F002000000080020000005AA6A1FA29
:10100400681F002003000000B823002054170020AC
:10101400541700200100018070000000CDA9A1FA3E
:101024000A00000000000000B019002000000000C9
:10103400541700200100018002000000DAAAA1FA7E
:101044005417002004000000801900200000000054
:10105400FFFFFFFF00000000010000007244BBFA24
:10106400681F002003000000C82F0020681F002014
:10107400681F002000000080010000007847BBFAD0
:101084005417002004000000C0230020681F002023
:10109400681F00200000008002000000DA48BBFA4C
:1010A400681F002003000000B8230020541700200C
:1010B4005417002001000180700000004D4CBBFA61
:1010C4000A00000000000000B01900200000000029
:1010D400541700200100018002000000684DBBFA93
:1010E40054170020040000008019002000000000B4
:1010F400FFFFFFFF0000000001000000F2A5CAFA94
:10110400681F002003000000C82F0020681F002073
:10111400681F002000000080020000007CA9CAFAB9
:10112400681F002003000000B82300200000000016
:10113400FFFFFFFF0000000001000000F2E6D4FA08
:10114400681F002003000000C82F0020681F002033
:10115400681F002000000080010000007CEAD4FA2F
:101164005417002004000000C0230020681F002042
:10117400681F00200000008002000000E4EBD4FAA5
:10118400681F002003000000B8230020541700202B
:101194005417002001000180700000004DEFD4FAC4
:1011A4000A00000000000000B01900200000000048
:1011B40054170020010001800200000056F0D4FA08
:1011C40054170020040000008019002000000000D3
:1011D400FFFFFFFF00000000010000007289EEFA2B
:1011E400681F002003000000C82F0020681F002093
:1011F400681F00200000008001000000788CEEFAD7
:101204005417002004000000C0230020681F0020A1
:10121400681F00200000008002000000DA8DEEFA52
:10122400681F002003000000B8230020541700208A
:101234005417002001000180700000004D91EEFA67
:101244000A00000000000000B019002000000000A7
:101254005417002001000180020000005A92EEFAA7
:101264005417002004000000801900200000000032
:10127400FFFFFFFF0000000001000000F22B08FB4D
:10128400681F002003000000C82F0020681F0020F2
:10129400681F00200000008001000000F82E08FBF9
:1012A4005417002004000000C0230020681F002001
:1012B400681F002000000080020000005A3008FB74
:1012C400681F002003000000B823002054170020EA
:1012D400541700200100018070000000CD3308FB8A
:1012E4000A00000000000000B01900200000000007
:1012F400541700200100018002000000E53408FBBF
:101304005417002004000000801900200000000091
:10131400FFFFFFFF0000000001000000F27D30F934
:10132400681F002003000000C82F0020681F002051
:10133400681F002000000080020000007C8130F95A
:10134400681F002003000000B823002000000000F4
:10135400FFFFFFFF0000000001000000F2BE3AF9A9
:10136400681F002003000000C82F0020681F002011
:10137400681F002000000080010000007CC23AF9D0
:101384005417002004000000C0230020681F002020
:10139400681F00200000008002000000E4C33AF946
:1013A400681F002003000000B82300205417002009
:1013B4005417002001000180700000004DC73AF965
:1013C4000A00000000000000B01900200000000026
:1013D40054170020010001800200000056C83AF9A9
:1013E40054170020040000008019002000000000B1
:1013F400FFFFFFFF0000000001000000726154F9CC
:10140400681F002003000000C82F0020681F002070
:10141400681F00200000008001000000786454F977
:101424005417002004000000C0230020681F00207F
:10143400681F00200000008002000000DA6554F9F3
:10144400681F002003000000B82300205417002068
:101454005417002001000180700000004D6954F908
:101464000A00000000000000B01900200000000085
:101474005417002001000180020000005A6A54F948
:101484005417002004000000801900200000000010
:101494000000000000000000000000000000000048
:00000001FF